Sat Mar 21 10:21:43 UTC 2026: Activity log entry 1
Sat Mar 21 10:21:43 UTC 2026: Activity log entry 2
Sat Mar 21 10:21:43 UTC 2026: Activity log entry 3
Sat Mar 21 10:21:43 UTC 2026: Activity log entry 4
Sat Mar 21 22:19:22 UTC 2026: Activity log entry 1
Sat Mar 21 22:19:22 UTC 2026: Activity log entry 2
Sat Mar 21 22:19:22 UTC 2026: Activity log entry 3
Sat Mar 21 22:19:23 UTC 2026: Activity log entry 4
Sat Mar 21 22:19:23 UTC 2026: Activity log entry 5
Sat Mar 21 22:19:23 UTC 2026: Activity log entry 6
Sat Mar 21 22:19:23 UTC 2026: Activity log entry 7
Sat Mar 21 22:19:23 UTC 2026: Activity log entry 8
Sat Mar 21 22:19:23 UTC 2026: Activity log entry 9
Sat Mar 21 22:19:23 UTC 2026: Activity log entry 10
Sun Mar 22 10:22:44 UTC 2026: Activity log entry 1
Sun Mar 22 10:22:44 UTC 2026: Activity log entry 2
Sun Mar 22 10:22:44 UTC 2026: Activity log entry 3
Sun Mar 22 22:20:49 UTC 2026: Activity log entry 1
Sun Mar 22 22:20:49 UTC 2026: Activity log entry 2
Sun Mar 22 22:20:49 UTC 2026: Activity log entry 3
Sun Mar 22 22:20:49 UTC 2026: Activity log entry 4
Sun Mar 22 22:20:49 UTC 2026: Activity log entry 5
Sun Mar 22 22:20:49 UTC 2026: Activity log entry 6
Sun Mar 22 22:20:49 UTC 2026: Activity log entry 7
Sun Mar 22 22:20:49 UTC 2026: Activity log entry 8
Mon Mar 23 10:49:12 UTC 2026: Activity log entry 1
Mon Mar 23 10:49:12 UTC 2026: Activity log entry 2
Mon Mar 23 10:49:12 UTC 2026: Activity log entry 3
Mon Mar 23 10:49:12 UTC 2026: Activity log entry 4
Mon Mar 23 10:49:12 UTC 2026: Activity log entry 5
Mon Mar 23 10:49:12 UTC 2026: Activity log entry 6
Mon Mar 23 10:49:12 UTC 2026: Activity log entry 7
Mon Mar 23 10:49:12 UTC 2026: Activity log entry 8
Mon Mar 23 22:27:34 UTC 2026: Activity log entry 1
Mon Mar 23 22:27:34 UTC 2026: Activity log entry 2
Mon Mar 23 22:27:34 UTC 2026: Activity log entry 3
Mon Mar 23 22:27:34 UTC 2026: Activity log entry 4
Mon Mar 23 22:27:34 UTC 2026: Activity log entry 5
Mon Mar 23 22:27:34 UTC 2026: Activity log entry 6
Mon Mar 23 22:27:34 UTC 2026: Activity log entry 7
Mon Mar 23 22:27:34 UTC 2026: Activity log entry 8
Mon Mar 23 22:27:34 UTC 2026: Activity log entry 9
Tue Mar 24 10:47:15 UTC 2026: Activity log entry 1
Tue Mar 24 10:47:15 UTC 2026: Activity log entry 2
Tue Mar 24 10:47:15 UTC 2026: Activity log entry 3
Tue Mar 24 10:47:15 UTC 2026: Activity log entry 4
Tue Mar 24 22:25:57 UTC 2026: Activity log entry 1
Tue Mar 24 22:25:57 UTC 2026: Activity log entry 2
Tue Mar 24 22:25:57 UTC 2026: Activity log entry 3
Wed Mar 25 10:43:27 UTC 2026: Activity log entry 1
Wed Mar 25 10:43:27 UTC 2026: Activity log entry 2
Wed Mar 25 22:30:58 UTC 2026: Activity log entry 1
Wed Mar 25 22:30:58 UTC 2026: Activity log entry 2
Wed Mar 25 22:30:58 UTC 2026: Activity log entry 3
Wed Mar 25 22:30:58 UTC 2026: Activity log entry 4
Wed Mar 25 22:30:58 UTC 2026: Activity log entry 5
Wed Mar 25 22:30:58 UTC 2026: Activity log entry 6
Wed Mar 25 22:30:58 UTC 2026: Activity log entry 7
Wed Mar 25 22:30:58 UTC 2026: Activity log entry 8
Thu Mar 26 10:49:05 UTC 2026: Activity log entry 1
Thu Mar 26 10:49:05 UTC 2026: Activity log entry 2
Thu Mar 26 22:24:26 UTC 2026: Activity log entry 1
Thu Mar 26 22:24:26 UTC 2026: Activity log entry 2
Thu Mar 26 22:24:26 UTC 2026: Activity log entry 3
Thu Mar 26 22:24:26 UTC 2026: Activity log entry 4
Thu Mar 26 22:24:26 UTC 2026: Activity log entry 5
Thu Mar 26 22:24:26 UTC 2026: Activity log entry 6
Thu Mar 26 22:24:26 UTC 2026: Activity log entry 7
Thu Mar 26 22:24:26 UTC 2026: Activity log entry 8
Thu Mar 26 22:24:26 UTC 2026: Activity log entry 9
Fri Mar 27 10:42:52 UTC 2026: Activity log entry 1
Fri Mar 27 10:42:52 UTC 2026: Activity log entry 2
Fri Mar 27 10:42:52 UTC 2026: Activity log entry 3
Fri Mar 27 10:42:52 UTC 2026: Activity log entry 4
Fri Mar 27 10:42:52 UTC 2026: Activity log entry 5
Fri Mar 27 10:42:52 UTC 2026: Activity log entry 6
Fri Mar 27 10:42:52 UTC 2026: Activity log entry 7
Fri Mar 27 10:42:52 UTC 2026: Activity log entry 8
Fri Mar 27 10:42:52 UTC 2026: Activity log entry 9
Fri Mar 27 10:42:52 UTC 2026: Activity log entry 10
Fri Mar 27 22:26:54 UTC 2026: Activity log entry 1
Fri Mar 27 22:26:54 UTC 2026: Activity log entry 2
Fri Mar 27 22:26:54 UTC 2026: Activity log entry 3
Fri Mar 27 22:26:54 UTC 2026: Activity log entry 4
Fri Mar 27 22:26:54 UTC 2026: Activity log entry 5
Fri Mar 27 22:26:54 UTC 2026: Activity log entry 6
Fri Mar 27 22:26:54 UTC 2026: Activity log entry 7
Fri Mar 27 22:26:54 UTC 2026: Activity log entry 8
Fri Mar 27 22:26:54 UTC 2026: Activity log entry 9
Sat Mar 28 10:27:32 UTC 2026: Activity log entry 1
Sat Mar 28 10:27:32 UTC 2026: Activity log entry 2
Sat Mar 28 10:27:32 UTC 2026: Activity log entry 3
Sat Mar 28 10:27:32 UTC 2026: Activity log entry 4
Sat Mar 28 10:27:32 UTC 2026: Activity log entry 5
Sat Mar 28 22:24:09 UTC 2026: Activity log entry 1
Sat Mar 28 22:24:09 UTC 2026: Activity log entry 2
Sat Mar 28 22:24:09 UTC 2026: Activity log entry 3
Sat Mar 28 22:24:09 UTC 2026: Activity log entry 4
Sat Mar 28 22:24:09 UTC 2026: Activity log entry 5
Sat Mar 28 22:24:09 UTC 2026: Activity log entry 6
Sat Mar 28 22:24:09 UTC 2026: Activity log entry 7
Sat Mar 28 22:24:09 UTC 2026: Activity log entry 8
Sun Mar 29 10:28:07 UTC 2026: Activity log entry 1
Sun Mar 29 22:26:21 UTC 2026: Activity log entry 1
Sun Mar 29 22:26:21 UTC 2026: Activity log entry 2
Sun Mar 29 22:26:21 UTC 2026: Activity log entry 3
Mon Mar 30 10:58:10 UTC 2026: Activity log entry 1
Mon Mar 30 10:58:10 UTC 2026: Activity log entry 2
Mon Mar 30 10:58:10 UTC 2026: Activity log entry 3
Mon Mar 30 10:58:10 UTC 2026: Activity log entry 4
Mon Mar 30 10:58:10 UTC 2026: Activity log entry 5
Mon Mar 30 10:58:10 UTC 2026: Activity log entry 6
Mon Mar 30 10:58:10 UTC 2026: Activity log entry 7
Mon Mar 30 10:58:10 UTC 2026: Activity log entry 8
Mon Mar 30 10:58:10 UTC 2026: Activity log entry 9
Mon Mar 30 10:58:10 UTC 2026: Activity log entry 10
Mon Mar 30 22:30:28 UTC 2026: Activity log entry 1
Mon Mar 30 22:30:28 UTC 2026: Activity log entry 2
Mon Mar 30 22:30:28 UTC 2026: Activity log entry 3
Mon Mar 30 22:30:28 UTC 2026: Activity log entry 4
Mon Mar 30 22:30:28 UTC 2026: Activity log entry 5
Mon Mar 30 22:30:29 UTC 2026: Activity log entry 6
Mon Mar 30 22:30:29 UTC 2026: Activity log entry 7
Mon Mar 30 22:30:29 UTC 2026: Activity log entry 8
Mon Mar 30 22:30:29 UTC 2026: Activity log entry 9
Tue Mar 31 10:49:46 UTC 2026: Activity log entry 1
Tue Mar 31 10:49:46 UTC 2026: Activity log entry 2
Tue Mar 31 10:49:46 UTC 2026: Activity log entry 3
Tue Mar 31 10:49:46 UTC 2026: Activity log entry 4
Tue Mar 31 10:49:46 UTC 2026: Activity log entry 5
Tue Mar 31 10:49:46 UTC 2026: Activity log entry 6
Tue Mar 31 10:49:46 UTC 2026: Activity log entry 7
Tue Mar 31 10:49:46 UTC 2026: Activity log entry 8
Tue Mar 31 10:49:46 UTC 2026: Activity log entry 9
Tue Mar 31 10:49:46 UTC 2026: Activity log entry 10
Tue Mar 31 22:30:36 UTC 2026: Activity log entry 1
Tue Mar 31 22:30:36 UTC 2026: Activity log entry 2
Tue Mar 31 22:30:37 UTC 2026: Activity log entry 3
Tue Mar 31 22:30:37 UTC 2026: Activity log entry 4
Tue Mar 31 22:30:37 UTC 2026: Activity log entry 5
Tue Mar 31 22:30:37 UTC 2026: Activity log entry 6
Tue Mar 31 22:30:37 UTC 2026: Activity log entry 7
Tue Mar 31 22:30:37 UTC 2026: Activity log entry 8
Tue Mar 31 22:30:37 UTC 2026: Activity log entry 9
Tue Mar 31 22:30:37 UTC 2026: Activity log entry 10
Wed Apr  1 10:50:34 UTC 2026: Activity log entry 1
Wed Apr  1 10:50:34 UTC 2026: Activity log entry 2
Wed Apr  1 10:50:34 UTC 2026: Activity log entry 3
Wed Apr  1 10:50:34 UTC 2026: Activity log entry 4
Wed Apr  1 10:50:34 UTC 2026: Activity log entry 5
Wed Apr  1 10:50:34 UTC 2026: Activity log entry 6
Wed Apr  1 10:50:34 UTC 2026: Activity log entry 7
Wed Apr  1 10:50:34 UTC 2026: Activity log entry 8
Wed Apr  1 10:50:34 UTC 2026: Activity log entry 9
Wed Apr  1 22:32:50 UTC 2026: Activity log entry 1
Wed Apr  1 22:32:50 UTC 2026: Activity log entry 2
Wed Apr  1 22:32:50 UTC 2026: Activity log entry 3
Wed Apr  1 22:32:50 UTC 2026: Activity log entry 4
Wed Apr  1 22:32:50 UTC 2026: Activity log entry 5
Wed Apr  1 22:32:50 UTC 2026: Activity log entry 6
Wed Apr  1 22:32:50 UTC 2026: Activity log entry 7
Thu Apr  2 10:47:36 UTC 2026: Activity log entry 1
Thu Apr  2 10:47:36 UTC 2026: Activity log entry 2
Thu Apr  2 10:47:36 UTC 2026: Activity log entry 3
Thu Apr  2 10:47:36 UTC 2026: Activity log entry 4
Thu Apr  2 10:47:36 UTC 2026: Activity log entry 5
Thu Apr  2 10:47:36 UTC 2026: Activity log entry 6
Thu Apr  2 10:47:36 UTC 2026: Activity log entry 7
Thu Apr  2 10:47:36 UTC 2026: Activity log entry 8
Thu Apr  2 22:27:23 UTC 2026: Activity log entry 1
Thu Apr  2 22:27:23 UTC 2026: Activity log entry 2
Thu Apr  2 22:27:23 UTC 2026: Activity log entry 3
Thu Apr  2 22:27:23 UTC 2026: Activity log entry 4
Fri Apr  3 10:38:05 UTC 2026: Activity log entry 1
Fri Apr  3 10:38:05 UTC 2026: Activity log entry 2
Fri Apr  3 10:38:05 UTC 2026: Activity log entry 3
Fri Apr  3 10:38:05 UTC 2026: Activity log entry 4
Fri Apr  3 10:38:05 UTC 2026: Activity log entry 5
Fri Apr  3 10:38:05 UTC 2026: Activity log entry 6
Fri Apr  3 22:28:30 UTC 2026: Activity log entry 1
Fri Apr  3 22:28:30 UTC 2026: Activity log entry 2
Fri Apr  3 22:28:30 UTC 2026: Activity log entry 3
Fri Apr  3 22:28:30 UTC 2026: Activity log entry 4
Fri Apr  3 22:28:30 UTC 2026: Activity log entry 5
Sat Apr  4 10:28:14 UTC 2026: Activity log entry 1
Sat Apr  4 10:28:14 UTC 2026: Activity log entry 2
Sat Apr  4 10:28:14 UTC 2026: Activity log entry 3
Sat Apr  4 10:28:14 UTC 2026: Activity log entry 4
Sat Apr  4 10:28:14 UTC 2026: Activity log entry 5
Sat Apr  4 10:28:14 UTC 2026: Activity log entry 6
Sat Apr  4 22:24:34 UTC 2026: Activity log entry 1
Sat Apr  4 22:24:34 UTC 2026: Activity log entry 2
Sun Apr  5 10:28:58 UTC 2026: Activity log entry 1
Sun Apr  5 10:28:58 UTC 2026: Activity log entry 2
Sun Apr  5 10:28:58 UTC 2026: Activity log entry 3
Sun Apr  5 10:28:58 UTC 2026: Activity log entry 4
Sun Apr  5 10:28:58 UTC 2026: Activity log entry 5
Sun Apr  5 10:28:58 UTC 2026: Activity log entry 6
Sun Apr  5 10:28:58 UTC 2026: Activity log entry 7
Sun Apr  5 10:28:58 UTC 2026: Activity log entry 8
Sun Apr  5 10:28:58 UTC 2026: Activity log entry 9
Sun Apr  5 22:25:56 UTC 2026: Activity log entry 1
Mon Apr  6 10:52:10 UTC 2026: Activity log entry 1
Mon Apr  6 10:52:10 UTC 2026: Activity log entry 2
Mon Apr  6 10:52:10 UTC 2026: Activity log entry 3
Mon Apr  6 10:52:10 UTC 2026: Activity log entry 4
Mon Apr  6 22:31:19 UTC 2026: Activity log entry 1
Mon Apr  6 22:31:19 UTC 2026: Activity log entry 2
Tue Apr  7 10:51:22 UTC 2026: Activity log entry 1
Tue Apr  7 10:51:22 UTC 2026: Activity log entry 2
Tue Apr  7 10:51:22 UTC 2026: Activity log entry 3
Tue Apr  7 10:51:22 UTC 2026: Activity log entry 4
Tue Apr  7 10:51:22 UTC 2026: Activity log entry 5
Tue Apr  7 10:51:22 UTC 2026: Activity log entry 6
Tue Apr  7 10:51:22 UTC 2026: Activity log entry 7
Tue Apr  7 10:51:22 UTC 2026: Activity log entry 8
Tue Apr  7 22:34:07 UTC 2026: Activity log entry 1
Tue Apr  7 22:34:07 UTC 2026: Activity log entry 2
Tue Apr  7 22:34:07 UTC 2026: Activity log entry 3
Wed Apr  8 10:52:45 UTC 2026: Activity log entry 1
Wed Apr  8 10:52:45 UTC 2026: Activity log entry 2
Wed Apr  8 10:52:45 UTC 2026: Activity log entry 3
Wed Apr  8 10:52:45 UTC 2026: Activity log entry 4
Wed Apr  8 10:52:45 UTC 2026: Activity log entry 5
Wed Apr  8 10:52:45 UTC 2026: Activity log entry 6
Wed Apr  8 22:34:37 UTC 2026: Activity log entry 1
Wed Apr  8 22:34:37 UTC 2026: Activity log entry 2
Wed Apr  8 22:34:37 UTC 2026: Activity log entry 3
Wed Apr  8 22:34:37 UTC 2026: Activity log entry 4
Wed Apr  8 22:34:37 UTC 2026: Activity log entry 5
Thu Apr  9 10:54:57 UTC 2026: Activity log entry 1
Thu Apr  9 10:54:57 UTC 2026: Activity log entry 2
Thu Apr  9 10:54:57 UTC 2026: Activity log entry 3
Thu Apr  9 10:54:57 UTC 2026: Activity log entry 4
Thu Apr  9 10:54:58 UTC 2026: Activity log entry 5
Thu Apr  9 22:36:40 UTC 2026: Activity log entry 1
Thu Apr  9 22:36:40 UTC 2026: Activity log entry 2
Thu Apr  9 22:36:40 UTC 2026: Activity log entry 3
Fri Apr 10 10:49:00 UTC 2026: Activity log entry 1
Fri Apr 10 10:49:00 UTC 2026: Activity log entry 2
Fri Apr 10 10:49:00 UTC 2026: Activity log entry 3
Fri Apr 10 10:49:00 UTC 2026: Activity log entry 4
Fri Apr 10 22:32:42 UTC 2026: Activity log entry 1
Fri Apr 10 22:32:42 UTC 2026: Activity log entry 2
Fri Apr 10 22:32:42 UTC 2026: Activity log entry 3
Fri Apr 10 22:32:42 UTC 2026: Activity log entry 4
Fri Apr 10 22:32:42 UTC 2026: Activity log entry 5
Fri Apr 10 22:32:42 UTC 2026: Activity log entry 6
Fri Apr 10 22:32:42 UTC 2026: Activity log entry 7
Sat Apr 11 10:29:06 UTC 2026: Activity log entry 1
Sat Apr 11 10:29:06 UTC 2026: Activity log entry 2
Sat Apr 11 10:29:06 UTC 2026: Activity log entry 3
Sat Apr 11 10:29:06 UTC 2026: Activity log entry 4
Sat Apr 11 10:29:06 UTC 2026: Activity log entry 5
Sat Apr 11 10:29:06 UTC 2026: Activity log entry 6
Sat Apr 11 10:29:06 UTC 2026: Activity log entry 7
Sat Apr 11 10:29:06 UTC 2026: Activity log entry 8
Sat Apr 11 10:29:06 UTC 2026: Activity log entry 9
Sat Apr 11 22:26:52 UTC 2026: Activity log entry 1
Sat Apr 11 22:26:52 UTC 2026: Activity log entry 2
Sat Apr 11 22:26:52 UTC 2026: Activity log entry 3
Sat Apr 11 22:26:52 UTC 2026: Activity log entry 4
Sun Apr 12 10:34:25 UTC 2026: Activity log entry 1
Sun Apr 12 10:34:25 UTC 2026: Activity log entry 2
Sun Apr 12 22:28:43 UTC 2026: Activity log entry 1
Sun Apr 12 22:28:43 UTC 2026: Activity log entry 2
Mon Apr 13 11:14:26 UTC 2026: Activity log entry 1
Mon Apr 13 22:38:47 UTC 2026: Activity log entry 1
Tue Apr 14 10:58:31 UTC 2026: Activity log entry 1
Tue Apr 14 10:58:31 UTC 2026: Activity log entry 2
Tue Apr 14 10:58:31 UTC 2026: Activity log entry 3
Tue Apr 14 10:58:31 UTC 2026: Activity log entry 4
Tue Apr 14 10:58:31 UTC 2026: Activity log entry 5
Tue Apr 14 10:58:31 UTC 2026: Activity log entry 6
Tue Apr 14 10:58:31 UTC 2026: Activity log entry 7
Tue Apr 14 22:40:47 UTC 2026: Activity log entry 1
Tue Apr 14 22:40:47 UTC 2026: Activity log entry 2
Tue Apr 14 22:40:47 UTC 2026: Activity log entry 3
Tue Apr 14 22:40:47 UTC 2026: Activity log entry 4
Tue Apr 14 22:40:47 UTC 2026: Activity log entry 5
Wed Apr 15 10:55:04 UTC 2026: Activity log entry 1
Wed Apr 15 10:55:04 UTC 2026: Activity log entry 2
Wed Apr 15 22:37:09 UTC 2026: Activity log entry 1
Wed Apr 15 22:37:09 UTC 2026: Activity log entry 2
Wed Apr 15 22:37:09 UTC 2026: Activity log entry 3
Wed Apr 15 22:37:09 UTC 2026: Activity log entry 4
Wed Apr 15 22:37:09 UTC 2026: Activity log entry 5
Wed Apr 15 22:37:09 UTC 2026: Activity log entry 6
Thu Apr 16 10:58:19 UTC 2026: Activity log entry 1
Thu Apr 16 10:58:19 UTC 2026: Activity log entry 2
Thu Apr 16 10:58:19 UTC 2026: Activity log entry 3
Thu Apr 16 10:58:19 UTC 2026: Activity log entry 4
Thu Apr 16 10:58:19 UTC 2026: Activity log entry 5
Thu Apr 16 10:58:19 UTC 2026: Activity log entry 6
Thu Apr 16 22:35:15 UTC 2026: Activity log entry 1
Thu Apr 16 22:35:15 UTC 2026: Activity log entry 2
Thu Apr 16 22:35:15 UTC 2026: Activity log entry 3
Thu Apr 16 22:35:15 UTC 2026: Activity log entry 4
Thu Apr 16 22:35:15 UTC 2026: Activity log entry 5
Thu Apr 16 22:35:15 UTC 2026: Activity log entry 6
Thu Apr 16 22:35:15 UTC 2026: Activity log entry 7
Thu Apr 16 22:35:15 UTC 2026: Activity log entry 8
Fri Apr 17 10:50:35 UTC 2026: Activity log entry 1
Fri Apr 17 22:33:52 UTC 2026: Activity log entry 1
Fri Apr 17 22:33:52 UTC 2026: Activity log entry 2
Fri Apr 17 22:33:52 UTC 2026: Activity log entry 3
Fri Apr 17 22:33:52 UTC 2026: Activity log entry 4
Fri Apr 17 22:33:52 UTC 2026: Activity log entry 5
Sat Apr 18 10:35:29 UTC 2026: Activity log entry 1
Sat Apr 18 10:35:29 UTC 2026: Activity log entry 2
Sat Apr 18 10:35:29 UTC 2026: Activity log entry 3
Sat Apr 18 10:35:29 UTC 2026: Activity log entry 4
Sat Apr 18 10:35:29 UTC 2026: Activity log entry 5
Sat Apr 18 10:35:29 UTC 2026: Activity log entry 6
Sat Apr 18 10:35:29 UTC 2026: Activity log entry 7
Sat Apr 18 10:35:29 UTC 2026: Activity log entry 8
Sat Apr 18 22:29:04 UTC 2026: Activity log entry 1
Sat Apr 18 22:29:04 UTC 2026: Activity log entry 2
Sat Apr 18 22:29:04 UTC 2026: Activity log entry 3
Sat Apr 18 22:29:04 UTC 2026: Activity log entry 4
Sat Apr 18 22:29:04 UTC 2026: Activity log entry 5
Sun Apr 19 10:34:53 UTC 2026: Activity log entry 1
Sun Apr 19 10:34:53 UTC 2026: Activity log entry 2
Sun Apr 19 10:34:53 UTC 2026: Activity log entry 3
Sun Apr 19 10:34:53 UTC 2026: Activity log entry 4
Sun Apr 19 22:30:05 UTC 2026: Activity log entry 1
Sun Apr 19 22:30:05 UTC 2026: Activity log entry 2
Mon Apr 20 11:16:43 UTC 2026: Activity log entry 1
Mon Apr 20 11:16:43 UTC 2026: Activity log entry 2
Mon Apr 20 11:16:43 UTC 2026: Activity log entry 3
Mon Apr 20 11:16:43 UTC 2026: Activity log entry 4
Mon Apr 20 11:16:43 UTC 2026: Activity log entry 5
Mon Apr 20 22:38:51 UTC 2026: Activity log entry 1
Mon Apr 20 22:38:51 UTC 2026: Activity log entry 2
Mon Apr 20 22:38:51 UTC 2026: Activity log entry 3
Mon Apr 20 22:38:51 UTC 2026: Activity log entry 4
Mon Apr 20 22:38:51 UTC 2026: Activity log entry 5
Mon Apr 20 22:38:51 UTC 2026: Activity log entry 6
Mon Apr 20 22:38:51 UTC 2026: Activity log entry 7
Mon Apr 20 22:38:51 UTC 2026: Activity log entry 8
Mon Apr 20 22:38:51 UTC 2026: Activity log entry 9
Tue Apr 21 11:02:04 UTC 2026: Activity log entry 1
Tue Apr 21 11:02:04 UTC 2026: Activity log entry 2
Tue Apr 21 11:02:04 UTC 2026: Activity log entry 3
Tue Apr 21 11:02:04 UTC 2026: Activity log entry 4
Tue Apr 21 11:02:04 UTC 2026: Activity log entry 5
Tue Apr 21 11:02:04 UTC 2026: Activity log entry 6
Tue Apr 21 11:02:05 UTC 2026: Activity log entry 7
Tue Apr 21 11:02:05 UTC 2026: Activity log entry 8
Tue Apr 21 11:02:05 UTC 2026: Activity log entry 9
Tue Apr 21 22:34:23 UTC 2026: Activity log entry 1
Tue Apr 21 22:34:23 UTC 2026: Activity log entry 2
Tue Apr 21 22:34:23 UTC 2026: Activity log entry 3
Tue Apr 21 22:34:23 UTC 2026: Activity log entry 4
Tue Apr 21 22:34:23 UTC 2026: Activity log entry 5
Tue Apr 21 22:34:23 UTC 2026: Activity log entry 6
Tue Apr 21 22:34:23 UTC 2026: Activity log entry 7
Tue Apr 21 22:34:23 UTC 2026: Activity log entry 8
Tue Apr 21 22:34:23 UTC 2026: Activity log entry 9
Wed Apr 22 11:00:41 UTC 2026: Activity log entry 1
Wed Apr 22 11:00:41 UTC 2026: Activity log entry 2
Wed Apr 22 22:42:38 UTC 2026: Activity log entry 1
Wed Apr 22 22:42:38 UTC 2026: Activity log entry 2
Thu Apr 23 11:03:31 UTC 2026: Activity log entry 1
Thu Apr 23 11:03:31 UTC 2026: Activity log entry 2
Thu Apr 23 11:03:31 UTC 2026: Activity log entry 3
Thu Apr 23 11:03:31 UTC 2026: Activity log entry 4
Thu Apr 23 11:03:31 UTC 2026: Activity log entry 5
Thu Apr 23 11:03:31 UTC 2026: Activity log entry 6
Thu Apr 23 11:03:31 UTC 2026: Activity log entry 7
Thu Apr 23 11:03:31 UTC 2026: Activity log entry 8
Thu Apr 23 22:39:00 UTC 2026: Activity log entry 1
Thu Apr 23 22:39:00 UTC 2026: Activity log entry 2
Thu Apr 23 22:39:00 UTC 2026: Activity log entry 3
Thu Apr 23 22:39:00 UTC 2026: Activity log entry 4
Thu Apr 23 22:39:00 UTC 2026: Activity log entry 5
Thu Apr 23 22:39:00 UTC 2026: Activity log entry 6
Thu Apr 23 22:39:00 UTC 2026: Activity log entry 7
Thu Apr 23 22:39:00 UTC 2026: Activity log entry 8
Thu Apr 23 22:39:00 UTC 2026: Activity log entry 9
Fri Apr 24 11:02:23 UTC 2026: Activity log entry 1
Fri Apr 24 11:02:23 UTC 2026: Activity log entry 2
Fri Apr 24 11:02:23 UTC 2026: Activity log entry 3
Fri Apr 24 11:02:23 UTC 2026: Activity log entry 4
Fri Apr 24 11:02:23 UTC 2026: Activity log entry 5
Fri Apr 24 22:35:02 UTC 2026: Activity log entry 1
Fri Apr 24 22:35:02 UTC 2026: Activity log entry 2
Fri Apr 24 22:35:02 UTC 2026: Activity log entry 3
Fri Apr 24 22:35:02 UTC 2026: Activity log entry 4
Fri Apr 24 22:35:02 UTC 2026: Activity log entry 5
Fri Apr 24 22:35:02 UTC 2026: Activity log entry 6
Fri Apr 24 22:35:02 UTC 2026: Activity log entry 7
Fri Apr 24 22:35:02 UTC 2026: Activity log entry 8
Fri Apr 24 22:35:02 UTC 2026: Activity log entry 9
Sat Apr 25 10:38:48 UTC 2026: Activity log entry 1
Sat Apr 25 10:38:48 UTC 2026: Activity log entry 2
Sat Apr 25 10:38:48 UTC 2026: Activity log entry 3
Sat Apr 25 10:38:48 UTC 2026: Activity log entry 4
Sat Apr 25 10:38:48 UTC 2026: Activity log entry 5
Sat Apr 25 22:31:52 UTC 2026: Activity log entry 1
Sat Apr 25 22:31:52 UTC 2026: Activity log entry 2
Sat Apr 25 22:31:52 UTC 2026: Activity log entry 3
Sat Apr 25 22:31:52 UTC 2026: Activity log entry 4
Sat Apr 25 22:31:52 UTC 2026: Activity log entry 5
Sun Apr 26 10:41:06 UTC 2026: Activity log entry 1
Sun Apr 26 10:41:06 UTC 2026: Activity log entry 2
Sun Apr 26 10:41:06 UTC 2026: Activity log entry 3
Sun Apr 26 22:33:24 UTC 2026: Activity log entry 1
Sun Apr 26 22:33:24 UTC 2026: Activity log entry 2
Sun Apr 26 22:33:24 UTC 2026: Activity log entry 3
Mon Apr 27 11:41:52 UTC 2026: Activity log entry 1
Mon Apr 27 11:41:52 UTC 2026: Activity log entry 2
Mon Apr 27 11:41:52 UTC 2026: Activity log entry 3
Mon Apr 27 11:41:52 UTC 2026: Activity log entry 4
Mon Apr 27 22:45:25 UTC 2026: Activity log entry 1
Mon Apr 27 22:45:25 UTC 2026: Activity log entry 2
Mon Apr 27 22:45:25 UTC 2026: Activity log entry 3
Mon Apr 27 22:45:25 UTC 2026: Activity log entry 4
Tue Apr 28 11:42:25 UTC 2026: Activity log entry 1
Tue Apr 28 11:42:25 UTC 2026: Activity log entry 2
Tue Apr 28 11:42:25 UTC 2026: Activity log entry 3
Tue Apr 28 11:42:25 UTC 2026: Activity log entry 4
Tue Apr 28 22:52:49 UTC 2026: Activity log entry 1
Tue Apr 28 22:52:49 UTC 2026: Activity log entry 2
Tue Apr 28 22:52:49 UTC 2026: Activity log entry 3
Tue Apr 28 22:52:49 UTC 2026: Activity log entry 4
Tue Apr 28 22:52:49 UTC 2026: Activity log entry 5
Tue Apr 28 22:52:49 UTC 2026: Activity log entry 6
Wed Apr 29 11:25:48 UTC 2026: Activity log entry 1
Wed Apr 29 11:25:48 UTC 2026: Activity log entry 2
Wed Apr 29 11:25:49 UTC 2026: Activity log entry 3
Wed Apr 29 11:25:49 UTC 2026: Activity log entry 4
Wed Apr 29 11:25:49 UTC 2026: Activity log entry 5
Wed Apr 29 11:25:49 UTC 2026: Activity log entry 6
Wed Apr 29 22:52:58 UTC 2026: Activity log entry 1
Wed Apr 29 22:52:58 UTC 2026: Activity log entry 2
Thu Apr 30 11:24:38 UTC 2026: Activity log entry 1
Thu Apr 30 11:24:38 UTC 2026: Activity log entry 2
Thu Apr 30 11:24:38 UTC 2026: Activity log entry 3
Thu Apr 30 11:24:38 UTC 2026: Activity log entry 4
Thu Apr 30 11:24:38 UTC 2026: Activity log entry 5
Thu Apr 30 22:49:38 UTC 2026: Activity log entry 1
Thu Apr 30 22:49:38 UTC 2026: Activity log entry 2
Fri May  1 11:03:22 UTC 2026: Activity log entry 1
Fri May  1 11:03:22 UTC 2026: Activity log entry 2
Fri May  1 11:03:22 UTC 2026: Activity log entry 3
Fri May  1 11:03:22 UTC 2026: Activity log entry 4
Fri May  1 11:03:22 UTC 2026: Activity log entry 5
Fri May  1 11:03:22 UTC 2026: Activity log entry 6
Fri May  1 11:03:22 UTC 2026: Activity log entry 7
Fri May  1 11:03:22 UTC 2026: Activity log entry 8
Fri May  1 11:03:22 UTC 2026: Activity log entry 9
Fri May  1 22:43:52 UTC 2026: Activity log entry 1
Fri May  1 22:43:52 UTC 2026: Activity log entry 2
Fri May  1 22:43:52 UTC 2026: Activity log entry 3
Fri May  1 22:43:52 UTC 2026: Activity log entry 4
Fri May  1 22:43:52 UTC 2026: Activity log entry 5
Fri May  1 22:43:52 UTC 2026: Activity log entry 6
Fri May  1 22:43:52 UTC 2026: Activity log entry 7
Fri May  1 22:43:52 UTC 2026: Activity log entry 8
Sat May  2 10:44:28 UTC 2026: Activity log entry 1
Sat May  2 10:44:28 UTC 2026: Activity log entry 2
Sat May  2 10:44:28 UTC 2026: Activity log entry 3
Sat May  2 10:44:28 UTC 2026: Activity log entry 4
Sat May  2 22:35:21 UTC 2026: Activity log entry 1
Sat May  2 22:35:21 UTC 2026: Activity log entry 2
Sat May  2 22:35:21 UTC 2026: Activity log entry 3
Sat May  2 22:35:21 UTC 2026: Activity log entry 4
Sat May  2 22:35:21 UTC 2026: Activity log entry 5
Sat May  2 22:35:21 UTC 2026: Activity log entry 6
Sun May  3 10:50:30 UTC 2026: Activity log entry 1
Sun May  3 10:50:30 UTC 2026: Activity log entry 2
Sun May  3 10:50:30 UTC 2026: Activity log entry 3
Sun May  3 22:35:48 UTC 2026: Activity log entry 1
Sun May  3 22:35:48 UTC 2026: Activity log entry 2
Sun May  3 22:35:48 UTC 2026: Activity log entry 3
Sun May  3 22:35:48 UTC 2026: Activity log entry 4
Sun May  3 22:35:48 UTC 2026: Activity log entry 5
Sun May  3 22:35:48 UTC 2026: Activity log entry 6
Mon May  4 11:44:06 UTC 2026: Activity log entry 1
Mon May  4 22:53:09 UTC 2026: Activity log entry 1
Mon May  4 22:53:09 UTC 2026: Activity log entry 2
Mon May  4 22:53:09 UTC 2026: Activity log entry 3
Mon May  4 22:53:09 UTC 2026: Activity log entry 4
Mon May  4 22:53:09 UTC 2026: Activity log entry 5
Mon May  4 22:53:09 UTC 2026: Activity log entry 6
Mon May  4 22:53:09 UTC 2026: Activity log entry 7
Mon May  4 22:53:09 UTC 2026: Activity log entry 8
Mon May  4 22:53:09 UTC 2026: Activity log entry 9
Mon May  4 22:53:09 UTC 2026: Activity log entry 10
Tue May  5 11:13:21 UTC 2026: Activity log entry 1
Tue May  5 11:13:21 UTC 2026: Activity log entry 2
Tue May  5 11:13:21 UTC 2026: Activity log entry 3
Tue May  5 11:13:21 UTC 2026: Activity log entry 4
Tue May  5 11:13:21 UTC 2026: Activity log entry 5
Tue May  5 11:13:21 UTC 2026: Activity log entry 6
Tue May  5 22:51:52 UTC 2026: Activity log entry 1
Tue May  5 22:51:52 UTC 2026: Activity log entry 2
Tue May  5 22:51:52 UTC 2026: Activity log entry 3
Tue May  5 22:51:52 UTC 2026: Activity log entry 4
Wed May  6 11:45:16 UTC 2026: Activity log entry 1
Wed May  6 11:45:16 UTC 2026: Activity log entry 2
Wed May  6 11:45:16 UTC 2026: Activity log entry 3
Wed May  6 11:45:16 UTC 2026: Activity log entry 4
Wed May  6 11:45:16 UTC 2026: Activity log entry 5
Wed May  6 11:45:16 UTC 2026: Activity log entry 6
Wed May  6 11:45:16 UTC 2026: Activity log entry 7
Wed May  6 11:45:16 UTC 2026: Activity log entry 8
Wed May  6 11:45:16 UTC 2026: Activity log entry 9
Wed May  6 11:45:16 UTC 2026: Activity log entry 10
Wed May  6 22:44:50 UTC 2026: Activity log entry 1
Wed May  6 22:44:50 UTC 2026: Activity log entry 2
Wed May  6 22:44:51 UTC 2026: Activity log entry 3
Wed May  6 22:44:51 UTC 2026: Activity log entry 4
Wed May  6 22:44:51 UTC 2026: Activity log entry 5
Wed May  6 22:44:51 UTC 2026: Activity log entry 6
Wed May  6 22:44:51 UTC 2026: Activity log entry 7
Wed May  6 22:44:51 UTC 2026: Activity log entry 8
Thu May  7 11:43:52 UTC 2026: Activity log entry 1
Thu May  7 11:43:52 UTC 2026: Activity log entry 2
Thu May  7 11:43:52 UTC 2026: Activity log entry 3
Thu May  7 11:43:52 UTC 2026: Activity log entry 4
Thu May  7 11:43:52 UTC 2026: Activity log entry 5
Thu May  7 11:43:52 UTC 2026: Activity log entry 6
Thu May  7 11:43:52 UTC 2026: Activity log entry 7
Thu May  7 11:43:52 UTC 2026: Activity log entry 8
Thu May  7 11:43:52 UTC 2026: Activity log entry 9
Thu May  7 11:43:52 UTC 2026: Activity log entry 10
Thu May  7 22:57:16 UTC 2026: Activity log entry 1
Thu May  7 22:57:16 UTC 2026: Activity log entry 2
Thu May  7 22:57:16 UTC 2026: Activity log entry 3
Thu May  7 22:57:16 UTC 2026: Activity log entry 4
Thu May  7 22:57:16 UTC 2026: Activity log entry 5
Thu May  7 22:57:16 UTC 2026: Activity log entry 6
Thu May  7 22:57:16 UTC 2026: Activity log entry 7
Thu May  7 22:57:17 UTC 2026: Activity log entry 8
Thu May  7 22:57:17 UTC 2026: Activity log entry 9
Thu May  7 22:57:17 UTC 2026: Activity log entry 10
Fri May  8 11:08:19 UTC 2026: Activity log entry 1
Fri May  8 11:08:19 UTC 2026: Activity log entry 2
Fri May  8 11:08:20 UTC 2026: Activity log entry 3
Fri May  8 11:08:20 UTC 2026: Activity log entry 4
Fri May  8 11:08:20 UTC 2026: Activity log entry 5
Fri May  8 11:08:20 UTC 2026: Activity log entry 6
Fri May  8 11:08:20 UTC 2026: Activity log entry 7
Fri May  8 22:52:19 UTC 2026: Activity log entry 1
Fri May  8 22:52:19 UTC 2026: Activity log entry 2
Fri May  8 22:52:19 UTC 2026: Activity log entry 3
Fri May  8 22:52:19 UTC 2026: Activity log entry 4
Fri May  8 22:52:19 UTC 2026: Activity log entry 5
Fri May  8 22:52:19 UTC 2026: Activity log entry 6
Fri May  8 22:52:19 UTC 2026: Activity log entry 7
Fri May  8 22:52:19 UTC 2026: Activity log entry 8
Sat May  9 10:53:16 UTC 2026: Activity log entry 1
Sat May  9 10:53:16 UTC 2026: Activity log entry 2
Sat May  9 22:37:42 UTC 2026: Activity log entry 1
Sat May  9 22:37:42 UTC 2026: Activity log entry 2
Sat May  9 22:37:42 UTC 2026: Activity log entry 3
Sat May  9 22:37:42 UTC 2026: Activity log entry 4
Sat May  9 22:37:42 UTC 2026: Activity log entry 5
Sat May  9 22:37:42 UTC 2026: Activity log entry 6
Sat May  9 22:37:42 UTC 2026: Activity log entry 7
Sat May  9 22:37:42 UTC 2026: Activity log entry 8
Sat May  9 22:37:42 UTC 2026: Activity log entry 9
Sat May  9 22:37:42 UTC 2026: Activity log entry 10
Sun May 10 10:57:32 UTC 2026: Activity log entry 1
Sun May 10 10:57:32 UTC 2026: Activity log entry 2
Sun May 10 10:57:32 UTC 2026: Activity log entry 3
Sun May 10 10:57:32 UTC 2026: Activity log entry 4
Sun May 10 10:57:32 UTC 2026: Activity log entry 5
Sun May 10 22:40:54 UTC 2026: Activity log entry 1
Sun May 10 22:40:54 UTC 2026: Activity log entry 2
Mon May 11 12:36:17 UTC 2026: Activity log entry 1
Mon May 11 22:50:05 UTC 2026: Activity log entry 1
Tue May 12 11:50:13 UTC 2026: Activity log entry 1
Tue May 12 11:50:13 UTC 2026: Activity log entry 2
Tue May 12 11:50:13 UTC 2026: Activity log entry 3
Tue May 12 11:50:13 UTC 2026: Activity log entry 4
Tue May 12 11:50:13 UTC 2026: Activity log entry 5
Tue May 12 11:50:13 UTC 2026: Activity log entry 6
Tue May 12 11:50:13 UTC 2026: Activity log entry 7
Tue May 12 11:50:13 UTC 2026: Activity log entry 8
Tue May 12 22:55:56 UTC 2026: Activity log entry 1
Tue May 12 22:55:56 UTC 2026: Activity log entry 2
Wed May 13 11:59:39 UTC 2026: Activity log entry 1
Wed May 13 11:59:39 UTC 2026: Activity log entry 2
Wed May 13 11:59:39 UTC 2026: Activity log entry 3
Wed May 13 11:59:39 UTC 2026: Activity log entry 4
Wed May 13 11:59:39 UTC 2026: Activity log entry 5
Wed May 13 11:59:39 UTC 2026: Activity log entry 6
Wed May 13 11:59:39 UTC 2026: Activity log entry 7
Wed May 13 23:01:54 UTC 2026: Activity log entry 1
Thu May 14 11:47:53 UTC 2026: Activity log entry 1
Thu May 14 11:47:53 UTC 2026: Activity log entry 2
Thu May 14 11:47:53 UTC 2026: Activity log entry 3
Thu May 14 11:47:53 UTC 2026: Activity log entry 4
Thu May 14 11:47:53 UTC 2026: Activity log entry 5
Thu May 14 11:47:53 UTC 2026: Activity log entry 6
Thu May 14 11:47:53 UTC 2026: Activity log entry 7
Thu May 14 11:47:54 UTC 2026: Activity log entry 8
Thu May 14 11:47:54 UTC 2026: Activity log entry 9
Thu May 14 11:47:54 UTC 2026: Activity log entry 10
Thu May 14 22:53:16 UTC 2026: Activity log entry 1
Thu May 14 22:53:16 UTC 2026: Activity log entry 2
Fri May 15 11:51:22 UTC 2026: Activity log entry 1
Fri May 15 11:51:22 UTC 2026: Activity log entry 2
Fri May 15 11:51:22 UTC 2026: Activity log entry 3
Fri May 15 22:51:11 UTC 2026: Activity log entry 1
Fri May 15 22:51:11 UTC 2026: Activity log entry 2
Fri May 15 22:51:11 UTC 2026: Activity log entry 3
Fri May 15 22:51:11 UTC 2026: Activity log entry 4
Fri May 15 22:51:11 UTC 2026: Activity log entry 5
Fri May 15 22:51:11 UTC 2026: Activity log entry 6
Sat May 16 10:58:37 UTC 2026: Activity log entry 1
Sat May 16 22:40:27 UTC 2026: Activity log entry 1
Sat May 16 22:40:27 UTC 2026: Activity log entry 2
Sat May 16 22:40:27 UTC 2026: Activity log entry 3
Sat May 16 22:40:27 UTC 2026: Activity log entry 4
Sat May 16 22:40:28 UTC 2026: Activity log entry 5
Sat May 16 22:40:28 UTC 2026: Activity log entry 6
Sat May 16 22:40:28 UTC 2026: Activity log entry 7
Sat May 16 22:40:28 UTC 2026: Activity log entry 8
Sun May 17 11:00:43 UTC 2026: Activity log entry 1
Sun May 17 11:00:43 UTC 2026: Activity log entry 2
Sun May 17 11:00:43 UTC 2026: Activity log entry 3
Sun May 17 11:00:43 UTC 2026: Activity log entry 4
Sun May 17 11:00:43 UTC 2026: Activity log entry 5
Sun May 17 11:00:43 UTC 2026: Activity log entry 6
Sun May 17 11:00:43 UTC 2026: Activity log entry 7
Sun May 17 22:48:52 UTC 2026: Activity log entry 1
Sun May 17 22:48:52 UTC 2026: Activity log entry 2
Sun May 17 22:48:52 UTC 2026: Activity log entry 3
Sun May 17 22:48:52 UTC 2026: Activity log entry 4
Sun May 17 22:48:52 UTC 2026: Activity log entry 5
Sun May 17 22:48:52 UTC 2026: Activity log entry 6
Sun May 17 22:48:52 UTC 2026: Activity log entry 7
Mon May 18 13:40:47 UTC 2026: Activity log entry 1
Mon May 18 13:40:47 UTC 2026: Activity log entry 2
Mon May 18 22:56:13 UTC 2026: Activity log entry 1
Mon May 18 22:56:13 UTC 2026: Activity log entry 2
Mon May 18 22:56:13 UTC 2026: Activity log entry 3
Mon May 18 22:56:14 UTC 2026: Activity log entry 4
Mon May 18 22:56:14 UTC 2026: Activity log entry 5
Tue May 19 12:35:53 UTC 2026: Activity log entry 1
Tue May 19 12:35:53 UTC 2026: Activity log entry 2
Tue May 19 12:35:53 UTC 2026: Activity log entry 3
Tue May 19 22:59:30 UTC 2026: Activity log entry 1
Tue May 19 22:59:30 UTC 2026: Activity log entry 2
Tue May 19 22:59:30 UTC 2026: Activity log entry 3
Tue May 19 22:59:30 UTC 2026: Activity log entry 4
Tue May 19 22:59:30 UTC 2026: Activity log entry 5
Wed May 20 12:18:13 UTC 2026: Activity log entry 1
Wed May 20 12:18:13 UTC 2026: Activity log entry 2
Wed May 20 12:18:13 UTC 2026: Activity log entry 3
Wed May 20 12:18:13 UTC 2026: Activity log entry 4
Wed May 20 12:18:13 UTC 2026: Activity log entry 5
Wed May 20 12:18:13 UTC 2026: Activity log entry 6
Wed May 20 12:18:13 UTC 2026: Activity log entry 7
Wed May 20 12:18:13 UTC 2026: Activity log entry 8
Wed May 20 12:18:13 UTC 2026: Activity log entry 9
Wed May 20 12:18:13 UTC 2026: Activity log entry 10
Wed May 20 23:07:55 UTC 2026: Activity log entry 1
Wed May 20 23:07:55 UTC 2026: Activity log entry 2
Wed May 20 23:07:55 UTC 2026: Activity log entry 3
Wed May 20 23:07:55 UTC 2026: Activity log entry 4
Wed May 20 23:07:55 UTC 2026: Activity log entry 5
Wed May 20 23:07:56 UTC 2026: Activity log entry 6
Wed May 20 23:07:56 UTC 2026: Activity log entry 7
Wed May 20 23:07:56 UTC 2026: Activity log entry 8
Thu May 21 12:41:32 UTC 2026: Activity log entry 1
Thu May 21 12:41:32 UTC 2026: Activity log entry 2
Thu May 21 12:41:32 UTC 2026: Activity log entry 3
Thu May 21 12:41:32 UTC 2026: Activity log entry 4
Thu May 21 12:41:32 UTC 2026: Activity log entry 5
Thu May 21 12:41:32 UTC 2026: Activity log entry 6
Thu May 21 22:59:35 UTC 2026: Activity log entry 1
Thu May 21 22:59:35 UTC 2026: Activity log entry 2
Thu May 21 22:59:35 UTC 2026: Activity log entry 3
Thu May 21 22:59:36 UTC 2026: Activity log entry 4
Thu May 21 22:59:36 UTC 2026: Activity log entry 5
Thu May 21 22:59:36 UTC 2026: Activity log entry 6
Thu May 21 22:59:36 UTC 2026: Activity log entry 7
Thu May 21 22:59:36 UTC 2026: Activity log entry 8
Fri May 22 12:14:42 UTC 2026: Activity log entry 1
Fri May 22 22:53:00 UTC 2026: Activity log entry 1
Sat May 23 11:06:10 UTC 2026: Activity log entry 1
Sat May 23 11:06:10 UTC 2026: Activity log entry 2
Sat May 23 11:06:10 UTC 2026: Activity log entry 3
Sat May 23 11:06:10 UTC 2026: Activity log entry 4
Sat May 23 11:06:10 UTC 2026: Activity log entry 5
Sat May 23 11:06:10 UTC 2026: Activity log entry 6
Sat May 23 11:06:10 UTC 2026: Activity log entry 7
Sat May 23 11:06:11 UTC 2026: Activity log entry 8
Sat May 23 11:06:11 UTC 2026: Activity log entry 9
Sat May 23 11:06:11 UTC 2026: Activity log entry 10
Sat May 23 22:47:54 UTC 2026: Activity log entry 1
Sun May 24 11:12:03 UTC 2026: Activity log entry 1
Sun May 24 11:12:03 UTC 2026: Activity log entry 2
Sun May 24 11:12:03 UTC 2026: Activity log entry 3
Sun May 24 11:12:03 UTC 2026: Activity log entry 4
Sun May 24 11:12:03 UTC 2026: Activity log entry 5
Sun May 24 22:53:22 UTC 2026: Activity log entry 1
Sun May 24 22:53:22 UTC 2026: Activity log entry 2
Sun May 24 22:53:22 UTC 2026: Activity log entry 3
Sun May 24 22:53:22 UTC 2026: Activity log entry 4
Sun May 24 22:53:22 UTC 2026: Activity log entry 5
Sun May 24 22:53:22 UTC 2026: Activity log entry 6
Sun May 24 22:53:22 UTC 2026: Activity log entry 7
Sun May 24 22:53:22 UTC 2026: Activity log entry 8
Sun May 24 22:53:22 UTC 2026: Activity log entry 9
Sun May 24 22:53:22 UTC 2026: Activity log entry 10
Mon May 25 12:57:45 UTC 2026: Activity log entry 1
Mon May 25 12:57:45 UTC 2026: Activity log entry 2
Mon May 25 12:57:45 UTC 2026: Activity log entry 3
Mon May 25 12:57:45 UTC 2026: Activity log entry 4
Mon May 25 12:57:45 UTC 2026: Activity log entry 5
Mon May 25 12:57:45 UTC 2026: Activity log entry 6
Mon May 25 12:57:45 UTC 2026: Activity log entry 7
Mon May 25 12:57:45 UTC 2026: Activity log entry 8
Mon May 25 12:57:45 UTC 2026: Activity log entry 9
Mon May 25 12:57:45 UTC 2026: Activity log entry 10
Mon May 25 22:56:00 UTC 2026: Activity log entry 1
Mon May 25 22:56:00 UTC 2026: Activity log entry 2
Mon May 25 22:56:00 UTC 2026: Activity log entry 3
Mon May 25 22:56:00 UTC 2026: Activity log entry 4
Mon May 25 22:56:00 UTC 2026: Activity log entry 5
Mon May 25 22:56:00 UTC 2026: Activity log entry 6
Mon May 25 22:56:00 UTC 2026: Activity log entry 7
Mon May 25 22:56:00 UTC 2026: Activity log entry 8
Mon May 25 22:56:00 UTC 2026: Activity log entry 9
Tue May 26 23:04:18 UTC 2026: Activity log entry 1
Tue May 26 23:04:18 UTC 2026: Activity log entry 2
Tue May 26 23:04:18 UTC 2026: Activity log entry 3
Tue May 26 23:04:18 UTC 2026: Activity log entry 4
Tue May 26 23:04:18 UTC 2026: Activity log entry 5
Tue May 26 23:04:18 UTC 2026: Activity log entry 6
Tue May 26 23:04:18 UTC 2026: Activity log entry 7
Tue May 26 23:04:18 UTC 2026: Activity log entry 8
Wed May 27 12:49:29 UTC 2026: Activity log entry 1
Wed May 27 12:49:29 UTC 2026: Activity log entry 2
Wed May 27 12:49:29 UTC 2026: Activity log entry 3
Wed May 27 12:49:29 UTC 2026: Activity log entry 4
Wed May 27 12:49:29 UTC 2026: Activity log entry 5
Wed May 27 12:49:29 UTC 2026: Activity log entry 6
Wed May 27 12:49:29 UTC 2026: Activity log entry 7
Wed May 27 12:49:29 UTC 2026: Activity log entry 8
Wed May 27 12:49:29 UTC 2026: Activity log entry 9
Wed May 27 12:49:29 UTC 2026: Activity log entry 10
Wed May 27 23:12:46 UTC 2026: Activity log entry 1
Wed May 27 23:12:46 UTC 2026: Activity log entry 2
Wed May 27 23:12:46 UTC 2026: Activity log entry 3
Wed May 27 23:12:46 UTC 2026: Activity log entry 4
Wed May 27 23:12:46 UTC 2026: Activity log entry 5
Wed May 27 23:12:46 UTC 2026: Activity log entry 6
Wed May 27 23:12:46 UTC 2026: Activity log entry 7
Thu May 28 13:43:46 UTC 2026: Activity log entry 1
Thu May 28 13:43:46 UTC 2026: Activity log entry 2
Thu May 28 13:43:46 UTC 2026: Activity log entry 3
Thu May 28 13:43:46 UTC 2026: Activity log entry 4
Thu May 28 13:43:46 UTC 2026: Activity log entry 5
Thu May 28 23:10:47 UTC 2026: Activity log entry 1
Fri May 29 12:45:10 UTC 2026: Activity log entry 1
Fri May 29 12:45:10 UTC 2026: Activity log entry 2
Fri May 29 12:45:10 UTC 2026: Activity log entry 3
Fri May 29 12:45:10 UTC 2026: Activity log entry 4
Fri May 29 12:45:10 UTC 2026: Activity log entry 5
Fri May 29 12:45:10 UTC 2026: Activity log entry 6
Fri May 29 23:07:57 UTC 2026: Activity log entry 1
Fri May 29 23:07:57 UTC 2026: Activity log entry 2
Fri May 29 23:07:57 UTC 2026: Activity log entry 3
Fri May 29 23:07:57 UTC 2026: Activity log entry 4
Fri May 29 23:07:57 UTC 2026: Activity log entry 5
Fri May 29 23:07:57 UTC 2026: Activity log entry 6
Sat May 30 11:16:41 UTC 2026: Activity log entry 1
Sat May 30 22:54:05 UTC 2026: Activity log entry 1
Sat May 30 22:54:05 UTC 2026: Activity log entry 2
Sat May 30 22:54:05 UTC 2026: Activity log entry 3
Sat May 30 22:54:05 UTC 2026: Activity log entry 4
Sat May 30 22:54:06 UTC 2026: Activity log entry 5
Sun May 31 11:39:14 UTC 2026: Activity log entry 1
Sun May 31 11:39:14 UTC 2026: Activity log entry 2
Sun May 31 22:55:57 UTC 2026: Activity log entry 1
Sun May 31 22:55:57 UTC 2026: Activity log entry 2
Mon Jun  1 15:51:26 UTC 2026: Activity log entry 1
Mon Jun  1 15:51:26 UTC 2026: Activity log entry 2
Mon Jun  1 15:51:26 UTC 2026: Activity log entry 3
Mon Jun  1 15:51:26 UTC 2026: Activity log entry 4
Mon Jun  1 15:51:26 UTC 2026: Activity log entry 5
Mon Jun  1 15:51:26 UTC 2026: Activity log entry 6
Mon Jun  1 23:23:35 UTC 2026: Activity log entry 1
Mon Jun  1 23:23:35 UTC 2026: Activity log entry 2
Tue Jun  2 13:56:50 UTC 2026: Activity log entry 1
Tue Jun  2 13:56:50 UTC 2026: Activity log entry 2
Tue Jun  2 13:56:50 UTC 2026: Activity log entry 3
Tue Jun  2 23:42:16 UTC 2026: Activity log entry 1
Tue Jun  2 23:42:16 UTC 2026: Activity log entry 2
Tue Jun  2 23:42:16 UTC 2026: Activity log entry 3
Tue Jun  2 23:42:16 UTC 2026: Activity log entry 4
Tue Jun  2 23:42:16 UTC 2026: Activity log entry 5
Tue Jun  2 23:42:16 UTC 2026: Activity log entry 6
Wed Jun  3 14:24:21 UTC 2026: Activity log entry 1
Wed Jun  3 14:24:21 UTC 2026: Activity log entry 2
Wed Jun  3 14:24:22 UTC 2026: Activity log entry 3
Wed Jun  3 14:24:22 UTC 2026: Activity log entry 4
Wed Jun  3 14:24:22 UTC 2026: Activity log entry 5
Wed Jun  3 14:24:22 UTC 2026: Activity log entry 6
Wed Jun  3 14:24:22 UTC 2026: Activity log entry 7
Wed Jun  3 14:24:22 UTC 2026: Activity log entry 8
Wed Jun  3 23:28:35 UTC 2026: Activity log entry 1
Wed Jun  3 23:28:35 UTC 2026: Activity log entry 2
Wed Jun  3 23:28:35 UTC 2026: Activity log entry 3
Wed Jun  3 23:28:35 UTC 2026: Activity log entry 4
Wed Jun  3 23:28:35 UTC 2026: Activity log entry 5
Wed Jun  3 23:28:35 UTC 2026: Activity log entry 6
Wed Jun  3 23:28:35 UTC 2026: Activity log entry 7
Wed Jun  3 23:28:35 UTC 2026: Activity log entry 8
Wed Jun  3 23:28:35 UTC 2026: Activity log entry 9
Thu Jun  4 12:41:08 UTC 2026: Activity log entry 1
Thu Jun  4 12:41:08 UTC 2026: Activity log entry 2
Thu Jun  4 12:41:08 UTC 2026: Activity log entry 3
Thu Jun  4 12:41:08 UTC 2026: Activity log entry 4
Thu Jun  4 23:05:32 UTC 2026: Activity log entry 1
Thu Jun  4 23:05:32 UTC 2026: Activity log entry 2
Thu Jun  4 23:05:32 UTC 2026: Activity log entry 3
Thu Jun  4 23:05:32 UTC 2026: Activity log entry 4
Thu Jun  4 23:05:32 UTC 2026: Activity log entry 5
Fri Jun  5 12:32:48 UTC 2026: Activity log entry 1
Fri Jun  5 12:32:48 UTC 2026: Activity log entry 2
Fri Jun  5 23:02:31 UTC 2026: Activity log entry 1
Fri Jun  5 23:02:31 UTC 2026: Activity log entry 2
Fri Jun  5 23:02:31 UTC 2026: Activity log entry 3
Fri Jun  5 23:02:31 UTC 2026: Activity log entry 4
Fri Jun  5 23:02:31 UTC 2026: Activity log entry 5
Fri Jun  5 23:02:31 UTC 2026: Activity log entry 6
Fri Jun  5 23:02:31 UTC 2026: Activity log entry 7
Sat Jun  6 11:21:03 UTC 2026: Activity log entry 1
Sat Jun  6 11:21:03 UTC 2026: Activity log entry 2
Sat Jun  6 11:21:03 UTC 2026: Activity log entry 3
Sat Jun  6 11:21:03 UTC 2026: Activity log entry 4
Sat Jun  6 11:21:03 UTC 2026: Activity log entry 5
Sat Jun  6 11:21:03 UTC 2026: Activity log entry 6
Sat Jun  6 22:58:37 UTC 2026: Activity log entry 1
Sat Jun  6 22:58:37 UTC 2026: Activity log entry 2
Sat Jun  6 22:58:37 UTC 2026: Activity log entry 3
Sat Jun  6 22:58:37 UTC 2026: Activity log entry 4
Sat Jun  6 22:58:37 UTC 2026: Activity log entry 5
Sat Jun  6 22:58:37 UTC 2026: Activity log entry 6
